<?xml version="1.0" encoding="UTF-8"?>
<!-- Generated by org.testng.reporters.JUnitXMLReporter -->
<testsuite hostname="LAPTOP-R0317NUN" ignored="0" name="Surefire test" tests="3" failures="2" timestamp="2020-07-24T18:15:29 EDT" time="35.008" errors="0">
  <testcase name="verifyLogin" time="1.306" classname="com.qa.testcases.LoginTest"/>
  <testcase name="verifyLogin" time="0.835" classname="com.qa.testcases.LoginTest">
    <failure type="java.lang.AssertionError" message="Title does not match expected [Zero - Account Summary] but found [Zero - Log in]">
      <![CDATA[java.lang.AssertionError: Title does not match expected [Zero - Account Summary] but found [Zero - Log in]
at com.qa.testcases.LoginTest.verifyLogin(LoginTest.java:33)
at java.util.ArrayList.forEach(Unknown Source)
... Removed 36 stack frames]]>
    </failure>
  </testcase> <!-- verifyLogin -->
  <testcase name="verifyPayBills" time="1.842" classname="com.qa.testcases.PayBillsTest">
    <failure type="java.lang.AssertionError" message="expected [true] but found [false]">
      <![CDATA[java.lang.AssertionError: expected [true] but found [false]
at com.qa.testcases.PayBillsTest.verifyPayBills(PayBillsTest.java:35)
at java.util.ArrayList.forEach(Unknown Source)
... Removed 36 stack frames]]>
    </failure>
  </testcase> <!-- verifyPayBills -->
</testsuite> <!-- Surefire test -->
